this is setproperty in gebconfig
setupSpec 4Ax
hello
HERE
HERE
HERE
HERE
HERE
HERE
STRING IS: UPDATE BROWSER_SHARING SET FULLID='TestCase x123',STATUS='TAKEN'WHERE ID = 0
Records created successfully
 getNewBrowserNumber gave = 0
this is webdriver stuff in gebconfig
[class:class org.openqa.selenium.chrome.ChromeOptions, binary:null]

[platform:ANY, class:class org.openqa.selenium.remote.DesiredCapabilities, javascriptEnabled:true, version:, browserName:chrome]
Go To localxx1
local is opened
driver info1 =about:blank
driver info2 =about:blank
This is after quit() and before exit
This is after exit()
JUnit 4 Runner, Tests: 2, Failures: 1, Time: 88153
Test Failure: Step 03 Go To local(com.ETMS1.ProcTestCase01xx)
geb.waiting.WaitTimeoutException: condition did not pass in 4.0 seconds (failed with exception)
	at geb.waiting.Wait.waitFor(Wait.groovy:138)
	at geb.Page.verifyThisPageAtOnly(Page.groovy:226)
	at geb.Page.verifyAt(Page.groovy:182)
	at geb.Browser.doAt(Browser.groovy:455)
	at geb.Browser.at(Browser.groovy:337)
	at geb.spock.GebSpec.methodMissing(GebSpec.groovy:56)
	at com.ETMS1.ProcTestCase01xx.Step 03 Go To local(ProcTestCase01xx.groovy:52)
Caused by: Assertion failed: 

title == "Google"
|     |
|     false
Random games2

	at com.ETMS1.GooglePage._clinit__closure1(GooglePage.groovy:9)
	at com.ETMS1.GooglePage._clinit__closure1(GooglePage.groovy)
	at geb.waiting.Wait.waitFor(Wait.groovy:127)
	... 6 more

