this is setproperty in gebconfig
setupSpec 4Ax
hello
numberOfActiveBrowsers ABC=true
numberOfActiveBrowsers ABC=true
FALSE FOR 2
CHANGED TO TRUE FOR BROWSER 2
numberOfActiveBrowsers ABC=true
numberOfActiveBrowsers ABC=true
FALSE FOR 2
CHANGED TO TRUE FOR BROWSER 2
this is webdriver stuff in gebconfig
driver info1 =https://www.google.com/_/chrome/newtab?espv=2&ie=UTF-8
driver info2 =https://www.google.com/_/chrome/newtab?espv=2&ie=UTF-8
This is after quit() and before exit
This is after exit()
JUnit 4 Runner, Tests: 0, Failures: 1, Time: 4891
Test Failure: com.ETMS1.ProcTestCase01xx
groovy.lang.MissingMethodException: No signature of method: java.lang.Integer.putAt() is applicable for argument types: (java.lang.Integer, java.lang.Boolean) values: [2, true]
Possible solutions: putAt(java.lang.String, java.lang.Object), getAt(java.lang.String), wait(), dump(), next(), upto(java.lang.Number, groovy.lang.Closure)
	at com.ETMS1.ProcTestCase01xx.setupSpec(ProcTestCase01xx.groovy:73)

