this is setproperty in gebconfig
setupSpec 4Ax
 getNewBrowserNumber gave = 0
this is webdriver stuff in gebconfig
Go To local
local is opened
driver info1 =Random games
driver info2 =Random games
 ################  ################  ################  ################  ################  ################ ---
--- ################  ################  ################  ################  ################  ################ ---
--- ################  ################  ################  ################  ################  ################ ---
--- ################  ################  ################  ################  ################  ################ ---
--- ################  ################  ################  ################  ################  ################ ---
--- ################  ################  ################  ################  ################  ################ ---
--- ################  ################  ################  ################  ################  ################ ---
--- ################  ################  ################  ################  ################  ################ ---
--- ################  ################  ################  ################  ################  ################ ---
--- ################  ################  ################  ################  ################  ################ ---
---This is after quit() and before exit
This is after exit()
JUnit 4 Runner, Tests: 1, Failures: 0, Time: 9024
