this is setproperty in gebconfig
setupSpec 4Ax
 getNewBrowserNumber gave = 0
this is webdriver stuff in gebconfig
Go To local
driver info1 =404 Not Found
driver info2 =404 Not Found
This is after quit() and before exit
This is after exit()
JUnit 4 Runner, Tests: 1, Failures: 1, Time: 9713
Test Failure: Step 01 Go To local(com.ETMS1.ProcTestCase01)
geb.waiting.WaitTimeoutException: condition did not pass in 4.0 seconds (failed with exception)
	at geb.waiting.Wait.waitFor(Wait.groovy:138)
	at geb.Page.verifyThisPageAtOnly(Page.groovy:226)
	at geb.Page.verifyAt(Page.groovy:182)
	at geb.Browser.doAt(Browser.groovy:455)
	at geb.Browser.at(Browser.groovy:354)
	at geb.Browser.to(Browser.groovy:566)
	at geb.Browser.to(Browser.groovy:553)
	at geb.Browser.to(Browser.groovy:520)
	at geb.spock.GebSpec.methodMissing(GebSpec.groovy:56)
	at com.ETMS1.ProcTestCase01.Step 01 Go To local(ProcTestCase01.groovy:27)
Caused by: Assertion failed: 

title == "Random games"
|     |
|     false
404 Not Found

	at com.ETMS1.Random1Page._clinit__closure1(Random1Page.groovy:10)
	at com.ETMS1.Random1Page._clinit__closure1(Random1Page.groovy)
	at geb.waiting.Wait.waitFor(Wait.groovy:127)
	... 9 more

