this is setproperty in gebconfig
setupSpec 4Ax
hello
this is webdriver stuff in gebconfig
driver info1 =https://www.google.com/_/chrome/newtab?espv=2&ie=UTF-8
driver info2 =https://www.google.com/_/chrome/newtab?espv=2&ie=UTF-8
This is after quit() and before exit
This is after exit()
JUnit 4 Runner, Tests: 0, Failures: 1, Time: 7356
Test Failure: com.ETMS1.ProcTestCase01xx
groovy.lang.MissingMethodException: No signature of method: static com.ETMS1.GroovyBrowserDaoETMS1.getNewBrowserNumber() is applicable for argument types: () values: []
Possible solutions: getNewBrowserNumber()
	at com.ETMS1.ProcTestCase01xx.setupSpec(ProcTestCase01xx.groovy:70)

this is setproperty in gebconfig
setupSpec 4Ax
hello
this is webdriver stuff in gebconfig
driver info1 =https://www.google.com/_/chrome/newtab?espv=2&ie=UTF-8
driver info2 =https://www.google.com/_/chrome/newtab?espv=2&ie=UTF-8
This is after quit() and before exit
This is after exit()
JUnit 4 Runner, Tests: 0, Failures: 1, Time: 7410
Test Failure: com.ETMS1.ProcTestCase01xx
groovy.lang.MissingMethodException: No signature of method: static com.ETMS1.GroovyBrowserDaoETMS1.getNewBrowserNumber() is applicable for argument types: () values: []
Possible solutions: getNewBrowserNumber()
	at com.ETMS1.ProcTestCase01xx.setupSpec(ProcTestCase01xx.groovy:70)

