this is setproperty in gebconfig
setupSpec 4Ax
hello
HERE
HERE
HERE
HERE
HERE
HERE
STRING IS: UPDATE BROWSER_SHARING SET FULLID='TestCase x123',STATUS='TAKEN'WHERE ID = 0
Records created successfully
 getNewBrowserNumber gave = 0
this is webdriver stuff in gebconfig
user-data-dir=Y:\Browser_profile0
[class:class org.openqa.selenium.chrome.ChromeOptions, binary:null]

[platform:ANY, class:class org.openqa.selenium.remote.DesiredCapabilities, javascriptEnabled:true, version:, browserName:chrome]
Go To localxx1
local is opened
driver info1 =about:blank
driver info2 =about:blank
JUnit 4 Runner, Tests: 2, Failures: 1, Time: 11306
Test Failure: com.ETMS1.ProcTestCase01xx
org.openqa.selenium.remote.SessionNotFoundException: Session ID is null. Using WebDriver after calling quit()?
Build info: version: 'unknown', revision: 'unknown', time: 'unknown'
System info: host: 'PC-E', ip: '192.168.178.11', os.name: 'Windows 8.1', os.arch: 'amd64', os.version: '6.3', java.version: '1.7.0_79'
Driver info: driver.version: RemoteWebDriver
	at org.openqa.selenium.remote.HttpCommandExecutor.execute(HttpCommandExecutor.java:125)
	at org.openqa.selenium.remote.service.DriverCommandExecutor.execute(DriverCommandExecutor.java:66)
	at org.openqa.selenium.remote.RemoteWebDriver.execute(RemoteWebDriver.java:572)
	at org.openqa.selenium.remote.RemoteWebDriver.execute(RemoteWebDriver.java:622)
	at org.openqa.selenium.remote.RemoteWebDriver.close(RemoteWebDriver.java:463)
	at geb.Browser.close(Browser.groovy:675)
	at com.ETMS1.ProcTestCase01xx.cleanupSpec(ProcTestCase01xx.groovy:120)

